# JRE version: Java(TM) SE Runtime Environment (8.0_66-b17) (build 1.8.0_66-b17)
# Java VM: Java HotSpot(TM) 64-Bit Server VM (25.66-b17 mixed mode linux-amd64 compressed oops)
Heap:
 PSYoungGen      total 2734592K, used 612761K [0x0000000718f80000, 0x00000007c0000000, 0x00000007c0000000)
  eden space 2732544K, 22% used [0x0000000718f80000,0x000000073e496c60,0x00000007bfc00000)
  from space 2048K, 65% used [0x00000007bfe00000,0x00000007bff4f898,0x00000007c0000000)
  to   space 2048K, 0% used [0x00000007bfc00000,0x00000007bfc00000,0x00000007bfe00000)
 ParOldGen       total 1391104K, used 926144K [0x00000005cae00000, 0x000000061fc80000, 0x0000000718f80000)
  object space 1391104K, 66% used [0x00000005cae00000,0x00000006036700e0,0x000000061fc80000)
 Metaspace       used 30972K, capacity 32225K, committed 32256K, reserved 1077248K
  class space    used 4068K, capacity 4329K, committed 4352K, reserved 1048576K
GC Heap History (10 events):
Event: 822.045 GC heap before
{Heap before GC invocations=1014 (full 4):
 PSYoungGen      total 2734592K, used 2733824K [0x0000000718f80000, 0x00000007c0000000, 0x00000007c0000000)
  eden space 2732544K, 100% used [0x0000000718f80000,0x00000007bfc00000,0x00000007bfc00000)
  from space 2048K, 62% used [0x00000007bfc00000,0x00000007bfd403a8,0x00000007bfe00000)
  to   space 2048K, 0% used [0x00000007bfe00000,0x00000007bfe00000,0x00000007c0000000)
 ParOldGen       total 1391104K, used 926024K [0x00000005cae00000, 0x000000061fc80000, 0x0000000718f80000)
  object space 1391104K, 66% used [0x00000005cae00000,0x00000006036520e0,0x000000061fc80000)
 Metaspace       used 30945K, capacity 32149K, committed 32256K, reserved 1077248K
  class space    used 4064K, capacity 4327K, committed 4352K, reserved 1048576K
Event: 822.053 GC heap after
Heap after GC invocations=1014 (full 4):
 PSYoungGen      total 2734592K, used 544K [0x0000000718f80000, 0x00000007c0000000, 0x00000007c0000000)
  eden space 2732544K, 0% used [0x0000000718f80000,0x0000000718f80000,0x00000007bfc00000)
  from space 2048K, 26% used [0x00000007bfe00000,0x00000007bfe88000,0x00000007c0000000)
  to   space 2048K, 0% used [0x00000007bfc00000,0x00000007bfc00000,0x00000007bfe00000)
 ParOldGen       total 1391104K, used 926048K [0x00000005cae00000, 0x000000061fc80000, 0x0000000718f80000)
  object space 1391104K, 66% used [0x00000005cae00000,0x00000006036580e0,0x000000061fc80000)
 Metaspace       used 30945K, capacity 32149K, committed 32256K, reserved 1077248K
  class space    used 4064K, capacity 4327K, committed 4352K, reserved 1048576K
}
Event: 822.885 GC heap before
{Heap before GC invocations=1015 (full 4):
 PSYoungGen      total 2734592K, used 2733088K [0x0000000718f80000, 0x00000007c0000000, 0x00000007c0000000)
  eden space 2732544K, 100% used [0x0000000718f80000,0x00000007bfc00000,0x00000007bfc00000)
  from space 2048K, 26% used [0x00000007bfe00000,0x00000007bfe88000,0x00000007c0000000)
  to   space 2048K, 0% used [0x00000007bfc00000,0x00000007bfc00000,0x00000007bfe00000)
 ParOldGen       total 1391104K, used 926048K [0x00000005cae00000, 0x000000061fc80000, 0x0000000718f80000)
  object space 1391104K, 66% used [0x00000005cae00000,0x00000006036580e0,0x000000061fc80000)
 Metaspace       used 30945K, capacity 32149K, committed 32256K, reserved 1077248K
  class space    used 4064K, capacity 4327K, committed 4352K, reserved 1048576K
Event: 822.896 GC heap after
Heap after GC invocations=1015 (full 4):
 PSYoungGen      total 2734592K, used 576K [0x0000000718f80000, 0x00000007c0000000, 0x00000007c0000000)
  eden space 2732544K, 0% used [0x0000000718f80000,0x0000000718f80000,0x00000007bfc00000)
  from space 2048K, 28% used [0x00000007bfc00000,0x00000007bfc90000,0x00000007bfe00000)
  to   space 2048K, 0% used [0x00000007bfe00000,0x00000007bfe00000,0x00000007c0000000)
 ParOldGen       total 1391104K, used 926056K [0x00000005cae00000, 0x000000061fc80000, 0x0000000718f80000)
  object space 1391104K, 66% used [0x00000005cae00000,0x000000060365a0e0,0x000000061fc80000)
 Metaspace       used 30945K, capacity 32149K, committed 32256K, reserved 1077248K
  class space    used 4064K, capacity 4327K, committed 4352K, reserved 1048576K
}
Event: 823.796 GC heap before
{Heap before GC invocations=1016 (full 4):
 PSYoungGen      total 2734592K, used 2733120K [0x0000000718f80000, 0x00000007c0000000, 0x00000007c0000000)
  eden space 2732544K, 100% used [0x0000000718f80000,0x00000007bfc00000,0x00000007bfc00000)
  from space 2048K, 28% used [0x00000007bfc00000,0x00000007bfc90000,0x00000007bfe00000)
  to   space 2048K, 0% used [0x00000007bfe00000,0x00000007bfe00000,0x00000007c0000000)
 ParOldGen       total 1391104K, used 926056K [0x00000005cae00000, 0x000000061fc80000, 0x0000000718f80000)
  object space 1391104K, 66% used [0x00000005cae00000,0x000000060365a0e0,0x000000061fc80000)
 Metaspace       used 30945K, capacity 32149K, committed 32256K, reserved 1077248K
  class space    used 4064K, capacity 4327K, committed 4352K, reserved 1048576K
Event: 823.818 GC heap after
Heap after GC invocations=1016 (full 4):
 PSYoungGen      total 2734592K, used 1311K [0x0000000718f80000, 0x00000007c0000000, 0x00000007c0000000)
  eden space 2732544K, 0% used [0x0000000718f80000,0x0000000718f80000,0x00000007bfc00000)
  from space 2048K, 64% used [0x00000007bfe00000,0x00000007bff47cf0,0x00000007c0000000)
  to   space 2048K, 0% used [0x00000007bfc00000,0x00000007bfc00000,0x00000007bfe00000)
 ParOldGen       total 1391104K, used 926064K [0x00000005cae00000, 0x000000061fc80000, 0x0000000718f80000)
  object space 1391104K, 66% used [0x00000005cae00000,0x000000060365c0e0,0x000000061fc80000)
 Metaspace       used 30945K, capacity 32149K, committed 32256K, reserved 1077248K
  class space    used 4064K, capacity 4327K, committed 4352K, reserved 1048576K
}
Event: 824.690 GC heap before
{Heap before GC invocations=1017 (full 4):
 PSYoungGen      total 2734592K, used 2733855K [0x0000000718f80000, 0x00000007c0000000, 0x00000007c0000000)
  eden space 2732544K, 100% used [0x0000000718f80000,0x00000007bfc00000,0x00000007bfc00000)
  from space 2048K, 64% used [0x00000007bfe00000,0x00000007bff47cf0,0x00000007c0000000)
  to   space 2048K, 0% used [0x00000007bfc00000,0x00000007bfc00000,0x00000007bfe00000)
 ParOldGen       total 1391104K, used 926064K [0x00000005cae00000, 0x000000061fc80000, 0x0000000718f80000)
  object space 1391104K, 66% used [0x00000005cae00000,0x000000060365c0e0,0x000000061fc80000)
 Metaspace       used 30945K, capacity 32149K, committed 32256K, reserved 1077248K
  class space    used 4064K, capacity 4327K, committed 4352K, reserved 1048576K
Event: 824.698 GC heap after
Heap after GC invocations=1017 (full 4):
 PSYoungGen      total 2734592K, used 576K [0x0000000718f80000, 0x00000007c0000000, 0x00000007c0000000)
  eden space 2732544K, 0% used [0x0000000718f80000,0x0000000718f80000,0x00000007bfc00000)
  from space 2048K, 28% used [0x00000007bfc00000,0x00000007bfc90000,0x00000007bfe00000)
  to   space 2048K, 0% used [0x00000007bfe00000,0x00000007bfe00000,0x00000007c0000000)
 ParOldGen       total 1391104K, used 926104K [0x00000005cae00000, 0x000000061fc80000, 0x0000000718f80000)
  object space 1391104K, 66% used [0x00000005cae00000,0x00000006036660e0,0x000000061fc80000)
 Metaspace       used 30945K, capacity 32149K, committed 32256K, reserved 1077248K
  class space    used 4064K, capacity 4327K, committed 4352K, reserved 1048576K
}
Event: 825.612 GC heap before
{Heap before GC invocations=1018 (full 4):
 PSYoungGen      total 2734592K, used 2733120K [0x0000000718f80000, 0x00000007c0000000, 0x00000007c0000000)
  eden space 2732544K, 100% used [0x0000000718f80000,0x00000007bfc00000,0x00000007bfc00000)
  from space 2048K, 28% used [0x00000007bfc00000,0x00000007bfc90000,0x00000007bfe00000)
  to   space 2048K, 0% used [0x00000007bfe00000,0x00000007bfe00000,0x00000007c0000000)
 ParOldGen       total 1391104K, used 926104K [0x00000005cae00000, 0x000000061fc80000, 0x0000000718f80000)
  object space 1391104K, 66% used [0x00000005cae00000,0x00000006036660e0,0x000000061fc80000)
 Metaspace       used 30972K, capacity 32225K, committed 32256K, reserved 1077248K
  class space    used 4068K, capacity 4329K, committed 4352K, reserved 1048576K
Event: 825.621 GC heap after
Heap after GC invocations=1018 (full 4):
 PSYoungGen      total 2734592K, used 1342K [0x0000000718f80000, 0x00000007c0000000, 0x00000007c0000000)
  eden space 2732544K, 0% used [0x0000000718f80000,0x0000000718f80000,0x00000007bfc00000)
  from space 2048K, 65% used [0x00000007bfe00000,0x00000007bff4f898,0x00000007c0000000)
  to   space 2048K, 0% used [0x00000007bfc00000,0x00000007bfc00000,0x00000007bfe00000)
 ParOldGen       total 1391104K, used 926144K [0x00000005cae00000, 0x000000061fc80000, 0x0000000718f80000)
  object space 1391104K, 66% used [0x00000005cae00000,0x00000006036700e0,0x000000061fc80000)
 Metaspace       used 30972K, capacity 32225K, committed 32256K, reserved 1077248K
  class space    used 4068K, capacity 4329K, committed 4352K, reserved 1048576K
}

